<?xml version="1.0" encoding="UTF-8"?>
<testng-results ignored="0" total="1" passed="1" failed="0" skipped="0">
  <reporter-output>
  </reporter-output>
  <suite started-at="2023-05-22T00:17:48 IST" name="Default suite" finished-at="2023-05-22T00:18:21 IST" duration-ms="32975">
    <groups>
      <group name="regressionTest">
        <method signature="CreateOrganizationTest.createOrganization()[pri:0, instance:com.crm.sdet.organization.CreateOrganizationTest@3232a28a]" name="createOrganization" class="com.crm.sdet.organization.CreateOrganizationTest"/>
      </group> <!-- regressionTest -->
      <group name="smokeTest">
        <method signature="CreateOrganizationTest.createOrganization()[pri:0, instance:com.crm.sdet.organization.CreateOrganizationTest@3232a28a]" name="createOrganization" class="com.crm.sdet.organization.CreateOrganizationTest"/>
      </group> <!-- smokeTest -->
    </groups>
    <test started-at="2023-05-22T00:17:48 IST" name="Default test" finished-at="2023-05-22T00:18:21 IST" duration-ms="32975">
      <class name="com.crm.sdet.organization.CreateOrganizationTest">
        <test-method is-config="true" signature="BS()[pri:0, instance:com.crm.sdet.organization.CreateOrganizationTest@3232a28a]" started-at="2023-05-22T00:17:48 IST" name="BS" finished-at="2023-05-22T00:17:48 IST" duration-ms="10" status="PASS">
          <reporter-output>
          </reporter-output>
        </test-method> <!-- BS -->
        <test-method is-config="true" signature="BT()[pri:0, instance:com.crm.sdet.organization.CreateOrganizationTest@3232a28a]" started-at="2023-05-22T00:17:48 IST" name="BT" finished-at="2023-05-22T00:17:48 IST" duration-ms="2" status="PASS">
          <reporter-output>
          </reporter-output>
        </test-method> <!-- BT -->
        <test-method is-config="true" signature="BC()[pri:0, instance:com.crm.sdet.organization.CreateOrganizationTest@3232a28a]" started-at="2023-05-22T00:17:48 IST" name="BC" finished-at="2023-05-22T00:17:54 IST" duration-ms="6404" status="PASS">
          <reporter-output>
          </reporter-output>
        </test-method> <!-- BC -->
        <test-method is-config="true" signature="BM()[pri:0, instance:com.crm.sdet.organization.CreateOrganizationTest@3232a28a]" started-at="2023-05-22T00:17:54 IST" name="BM" finished-at="2023-05-22T00:18:02 IST" duration-ms="7099" status="PASS">
          <reporter-output>
          </reporter-output>
        </test-method> <!-- BM -->
        <test-method signature="createOrganization()[pri:0, instance:com.crm.sdet.organization.CreateOrganizationTest@3232a28a]" started-at="2023-05-22T00:18:02 IST" name="createOrganization" finished-at="2023-05-22T00:18:21 IST" duration-ms="19403" status="PASS">
          <reporter-output>
          </reporter-output>
        </test-method> <!-- createOrganization -->
        <test-method is-config="true" signature="AM()[pri:0, instance:com.crm.sdet.organization.CreateOrganizationTest@3232a28a]" started-at="2023-05-22T00:18:21 IST" name="AM" finished-at="2023-05-22T00:18:21 IST" duration-ms="1" status="PASS">
          <reporter-output>
          </reporter-output>
        </test-method> <!-- AM -->
        <test-method is-config="true" signature="AS()[pri:0, instance:com.crm.sdet.organization.CreateOrganizationTest@3232a28a]" started-at="2023-05-22T00:18:21 IST" name="AS" finished-at="2023-05-22T00:18:21 IST" duration-ms="0" status="PASS">
          <reporter-output>
          </reporter-output>
        </test-method> <!-- AS -->
        <test-method is-config="true" signature="AC()[pri:0, instance:com.crm.sdet.organization.CreateOrganizationTest@3232a28a]" started-at="2023-05-22T00:18:21 IST" name="AC" finished-at="2023-05-22T00:18:21 IST" duration-ms="0" status="PASS">
          <reporter-output>
          </reporter-output>
        </test-method> <!-- AC -->
        <test-method is-config="true" signature="AT()[pri:0, instance:com.crm.sdet.organization.CreateOrganizationTest@3232a28a]" started-at="2023-05-22T00:18:21 IST" name="AT" finished-at="2023-05-22T00:18:21 IST" duration-ms="1" status="PASS">
          <reporter-output>
          </reporter-output>
        </test-method> <!-- AT -->
      </class> <!-- com.crm.sdet.organization.CreateOrganizationTest -->
    </test> <!-- Default test -->
  </suite> <!-- Default suite -->
</testng-results>
